2017-10-11 21:43:36,205 INFO the has_omx flag is True
2017-10-11 21:43:36,205 INFO the has_omx flag is True
2017-10-11 21:43:36,205 INFO the has_omx flag is True
2017-10-11 21:43:36,205 INFO the has_omx flag is True
2017-10-11 21:44:21,634 INFO the has_omx flag is True
2017-10-11 21:44:21,634 INFO the has_omx flag is True
2017-10-11 21:44:21,634 INFO the has_omx flag is True
2017-10-11 21:44:21,634 INFO the has_omx flag is True
2017-10-11 21:44:36,261 INFO the has_omx flag is True
2017-10-11 21:44:36,261 INFO the has_omx flag is True
2017-10-11 21:44:36,261 INFO the has_omx flag is True
2017-10-11 21:44:36,261 INFO the has_omx flag is True
2017-10-11 21:45:08,327 INFO the has_omx flag is True
2017-10-11 21:45:08,327 INFO the has_omx flag is True
2017-10-11 21:45:08,327 INFO the has_omx flag is True
2017-10-11 21:45:08,327 INFO the has_omx flag is True
2017-10-11 21:46:15,783 INFO the has_omx flag is True
2017-10-11 21:46:15,783 INFO the has_omx flag is True
2017-10-11 21:46:15,783 INFO the has_omx flag is True
2017-10-11 21:46:15,783 INFO the has_omx flag is True
2017-10-11 21:46:15,898 INFO /home/pi/pp_home/media/5sec.mp4
2017-10-11 21:46:15,898 INFO /home/pi/pp_home/media/5sec.mp4
2017-10-11 21:46:15,898 INFO /home/pi/pp_home/media/5sec.mp4
2017-10-11 21:46:15,898 INFO /home/pi/pp_home/media/5sec.mp4
2017-10-11 21:46:15,904 INFO b is loading now /home/pi/pp_home/media/5sec.mp4
2017-10-11 21:46:15,904 INFO b is loading now /home/pi/pp_home/media/5sec.mp4
2017-10-11 21:46:15,904 INFO b is loading now /home/pi/pp_home/media/5sec.mp4
2017-10-11 21:46:15,904 INFO b is loading now /home/pi/pp_home/media/5sec.mp4
2017-10-11 21:46:15,906 INFO Send command to omxplayer: /usr/bin/omxplayer --no-keys --win 0,0,400,400 --no-osd --dbus_name 'org.mpris.MediaPlayer2.omxplayer15077583759' '/home/pi/pp_home/media/5sec.mp4'
2017-10-11 21:46:15,906 INFO Send command to omxplayer: /usr/bin/omxplayer --no-keys --win 0,0,400,400 --no-osd --dbus_name 'org.mpris.MediaPlayer2.omxplayer15077583759' '/home/pi/pp_home/media/5sec.mp4'
2017-10-11 21:46:15,906 INFO Send command to omxplayer: /usr/bin/omxplayer --no-keys --win 0,0,400,400 --no-osd --dbus_name 'org.mpris.MediaPlayer2.omxplayer15077583759' '/home/pi/pp_home/media/5sec.mp4'
2017-10-11 21:46:15,906 INFO Send command to omxplayer: /usr/bin/omxplayer --no-keys --win 0,0,400,400 --no-osd --dbus_name 'org.mpris.MediaPlayer2.omxplayer15077583759' '/home/pi/pp_home/media/5sec.mp4'
2017-10-11 21:46:15,919 INFO logwaiting for bus address file /tmp/omxplayerdbus.pi
2017-10-11 21:46:15,919 INFO logwaiting for bus address file /tmp/omxplayerdbus.pi
2017-10-11 21:46:15,919 INFO logwaiting for bus address file /tmp/omxplayerdbus.pi
2017-10-11 21:46:15,919 INFO logwaiting for bus address file /tmp/omxplayerdbus.pi
2017-10-11 21:46:16,753 INFO connected to omxplayer dbus after 8 centisecs
2017-10-11 21:46:16,753 INFO connected to omxplayer dbus after 8 centisecs
2017-10-11 21:46:16,753 INFO connected to omxplayer dbus after 8 centisecs
2017-10-11 21:46:16,753 INFO connected to omxplayer dbus after 8 centisecs
2017-10-11 21:46:17,452 INFO not paused so send pause after load
2017-10-11 21:46:17,452 INFO not paused so send pause after load
2017-10-11 21:46:17,452 INFO not paused so send pause after load
2017-10-11 21:46:17,452 INFO not paused so send pause after load
2017-10-11 21:46:17,494 INFO b is about to play
2017-10-11 21:46:17,494 INFO b is about to play
2017-10-11 21:46:17,494 INFO b is about to play
2017-10-11 21:46:17,494 INFO b is about to play
2017-10-11 21:46:17,495 INFO b is playing now
2017-10-11 21:46:17,495 INFO b is playing now
2017-10-11 21:46:17,495 INFO b is playing now
2017-10-11 21:46:17,495 INFO b is playing now
2017-10-11 21:46:17,496 INFO MONUnpause received  to start showing
2017-10-11 21:46:17,496 INFO MONUnpause received  to start showing
2017-10-11 21:46:17,496 INFO MONUnpause received  to start showing
2017-10-11 21:46:17,496 INFO MONUnpause received  to start showing
2017-10-11 21:46:17,497 INFO MONIs paused so Track will be unpaused  to start showing
2017-10-11 21:46:17,497 INFO MONIs paused so Track will be unpaused  to start showing
2017-10-11 21:46:17,497 INFO MONIs paused so Track will be unpaused  to start showing
2017-10-11 21:46:17,497 INFO MONIs paused so Track will be unpaused  to start showing
2017-10-11 21:46:17,558 INFO c is loading now /home/pi/pp_home/media/5sec.mp4
2017-10-11 21:46:17,558 INFO c is loading now /home/pi/pp_home/media/5sec.mp4
2017-10-11 21:46:17,558 INFO c is loading now /home/pi/pp_home/media/5sec.mp4
2017-10-11 21:46:17,558 INFO c is loading now /home/pi/pp_home/media/5sec.mp4
2017-10-11 21:46:17,560 INFO Send command to omxplayer: /usr/bin/omxplayer --no-keys --win 0,0,400,400 --no-osd --dbus_name 'org.mpris.MediaPlayer2.omxplayer15077583775' '/home/pi/pp_home/media/5sec.mp4'
2017-10-11 21:46:17,560 INFO Send command to omxplayer: /usr/bin/omxplayer --no-keys --win 0,0,400,400 --no-osd --dbus_name 'org.mpris.MediaPlayer2.omxplayer15077583775' '/home/pi/pp_home/media/5sec.mp4'
2017-10-11 21:46:17,560 INFO Send command to omxplayer: /usr/bin/omxplayer --no-keys --win 0,0,400,400 --no-osd --dbus_name 'org.mpris.MediaPlayer2.omxplayer15077583775' '/home/pi/pp_home/media/5sec.mp4'
2017-10-11 21:46:17,560 INFO Send command to omxplayer: /usr/bin/omxplayer --no-keys --win 0,0,400,400 --no-osd --dbus_name 'org.mpris.MediaPlayer2.omxplayer15077583775' '/home/pi/pp_home/media/5sec.mp4'
2017-10-11 21:46:18,100 INFO connected to omxplayer dbus after 5 centisecs
2017-10-11 21:46:18,100 INFO connected to omxplayer dbus after 5 centisecs
2017-10-11 21:46:18,100 INFO connected to omxplayer dbus after 5 centisecs
2017-10-11 21:46:18,100 INFO connected to omxplayer dbus after 5 centisecs
2017-10-11 21:46:18,405 INFO not paused so send pause after load
2017-10-11 21:46:18,405 INFO not paused so send pause after load
2017-10-11 21:46:18,405 INFO not paused so send pause after load
2017-10-11 21:46:18,405 INFO not paused so send pause after load
2017-10-11 21:46:22,328 INFO not paused so send pause  at end of track
2017-10-11 21:46:22,328 INFO not paused so send pause  at end of track
2017-10-11 21:46:22,328 INFO not paused so send pause  at end of track
2017-10-11 21:46:22,328 INFO not paused so send pause  at end of track
2017-10-11 21:46:22,370 INFO b is finished
2017-10-11 21:46:22,370 INFO b is finished
2017-10-11 21:46:22,370 INFO b is finished
2017-10-11 21:46:22,370 INFO b is finished
2017-10-11 21:46:22,371 INFO c is loaded on switchover
2017-10-11 21:46:22,371 INFO c is loaded on switchover
2017-10-11 21:46:22,371 INFO c is loaded on switchover
2017-10-11 21:46:22,371 INFO c is loaded on switchover
2017-10-11 21:46:22,372 INFO switch: last_player is b
2017-10-11 21:46:22,372 INFO switch: last_player is b
2017-10-11 21:46:22,372 INFO switch: last_player is b
2017-10-11 21:46:22,372 INFO switch: last_player is b
2017-10-11 21:46:22,373 INFO switch: current_player is c
2017-10-11 21:46:22,373 INFO switch: current_player is c
2017-10-11 21:46:22,373 INFO switch: current_player is c
2017-10-11 21:46:22,373 INFO switch: current_player is c
2017-10-11 21:46:22,375 INFO switch: next_player is a
2017-10-11 21:46:22,375 INFO switch: next_player is a
2017-10-11 21:46:22,375 INFO switch: next_player is a
2017-10-11 21:46:22,375 INFO switch: next_player is a
2017-10-11 21:46:22,376 INFO b is exiting omx
2017-10-11 21:46:22,376 INFO b is exiting omx
2017-10-11 21:46:22,376 INFO b is exiting omx
2017-10-11 21:46:22,376 INFO b is exiting omx
2017-10-11 21:46:22,377 INFO log>stop received and quit sent to omxplayer 1726 
2017-10-11 21:46:22,377 INFO log>stop received and quit sent to omxplayer 1726 
2017-10-11 21:46:22,377 INFO log>stop received and quit sent to omxplayer 1726 
2017-10-11 21:46:22,377 INFO log>stop received and quit sent to omxplayer 1726 
2017-10-11 21:46:22,390 INFO c is about to play
2017-10-11 21:46:22,390 INFO c is about to play
2017-10-11 21:46:22,390 INFO c is about to play
2017-10-11 21:46:22,390 INFO c is about to play
2017-10-11 21:46:22,392 INFO c is playing now
2017-10-11 21:46:22,392 INFO c is playing now
2017-10-11 21:46:22,392 INFO c is playing now
2017-10-11 21:46:22,392 INFO c is playing now
2017-10-11 21:46:22,393 INFO MONUnpause received  to start showing
2017-10-11 21:46:22,393 INFO MONUnpause received  to start showing
2017-10-11 21:46:22,393 INFO MONUnpause received  to start showing
2017-10-11 21:46:22,393 INFO MONUnpause received  to start showing
2017-10-11 21:46:22,394 INFO MONIs paused so Track will be unpaused  to start showing
2017-10-11 21:46:22,394 INFO MONIs paused so Track will be unpaused  to start showing
2017-10-11 21:46:22,394 INFO MONIs paused so Track will be unpaused  to start showing
2017-10-11 21:46:22,394 INFO MONIs paused so Track will be unpaused  to start showing
2017-10-11 21:46:22,454 INFO a is loading now /home/pi/pp_home/media/5sec.mp4
2017-10-11 21:46:22,454 INFO a is loading now /home/pi/pp_home/media/5sec.mp4
2017-10-11 21:46:22,454 INFO a is loading now /home/pi/pp_home/media/5sec.mp4
2017-10-11 21:46:22,454 INFO a is loading now /home/pi/pp_home/media/5sec.mp4
2017-10-11 21:46:22,455 INFO Send command to omxplayer: /usr/bin/omxplayer --no-keys --win 0,0,400,400 --no-osd --dbus_name 'org.mpris.MediaPlayer2.omxplayer15077583824' '/home/pi/pp_home/media/5sec.mp4'
2017-10-11 21:46:22,455 INFO Send command to omxplayer: /usr/bin/omxplayer --no-keys --win 0,0,400,400 --no-osd --dbus_name 'org.mpris.MediaPlayer2.omxplayer15077583824' '/home/pi/pp_home/media/5sec.mp4'
2017-10-11 21:46:22,455 INFO Send command to omxplayer: /usr/bin/omxplayer --no-keys --win 0,0,400,400 --no-osd --dbus_name 'org.mpris.MediaPlayer2.omxplayer15077583824' '/home/pi/pp_home/media/5sec.mp4'
2017-10-11 21:46:22,455 INFO Send command to omxplayer: /usr/bin/omxplayer --no-keys --win 0,0,400,400 --no-osd --dbus_name 'org.mpris.MediaPlayer2.omxplayer15077583824' '/home/pi/pp_home/media/5sec.mp4'
2017-10-11 21:46:22,995 INFO connected to omxplayer dbus after 5 centisecs
2017-10-11 21:46:22,995 INFO connected to omxplayer dbus after 5 centisecs
2017-10-11 21:46:22,995 INFO connected to omxplayer dbus after 5 centisecs
2017-10-11 21:46:22,995 INFO connected to omxplayer dbus after 5 centisecs
2017-10-11 21:46:23,294 INFO not paused so send pause after load
2017-10-11 21:46:23,294 INFO not paused so send pause after load
2017-10-11 21:46:23,294 INFO not paused so send pause after load
2017-10-11 21:46:23,294 INFO not paused so send pause after load
2017-10-11 21:46:27,298 INFO not paused so send pause  at end of track
2017-10-11 21:46:27,298 INFO not paused so send pause  at end of track
2017-10-11 21:46:27,298 INFO not paused so send pause  at end of track
2017-10-11 21:46:27,298 INFO not paused so send pause  at end of track
2017-10-11 21:46:27,340 INFO c is finished
2017-10-11 21:46:27,340 INFO c is finished
2017-10-11 21:46:27,340 INFO c is finished
2017-10-11 21:46:27,340 INFO c is finished
2017-10-11 21:46:27,346 INFO a is loaded on switchover
2017-10-11 21:46:27,346 INFO a is loaded on switchover
2017-10-11 21:46:27,346 INFO a is loaded on switchover
2017-10-11 21:46:27,346 INFO a is loaded on switchover
2017-10-11 21:46:27,348 INFO switch: last_player is c
2017-10-11 21:46:27,348 INFO switch: last_player is c
2017-10-11 21:46:27,348 INFO switch: last_player is c
2017-10-11 21:46:27,348 INFO switch: last_player is c
2017-10-11 21:46:27,349 INFO switch: current_player is a
2017-10-11 21:46:27,349 INFO switch: current_player is a
2017-10-11 21:46:27,349 INFO switch: current_player is a
2017-10-11 21:46:27,349 INFO switch: current_player is a
2017-10-11 21:46:27,350 INFO switch: next_player is b
2017-10-11 21:46:27,350 INFO switch: next_player is b
2017-10-11 21:46:27,350 INFO switch: next_player is b
2017-10-11 21:46:27,350 INFO switch: next_player is b
2017-10-11 21:46:27,351 INFO c is exiting omx
2017-10-11 21:46:27,351 INFO c is exiting omx
2017-10-11 21:46:27,351 INFO c is exiting omx
2017-10-11 21:46:27,351 INFO c is exiting omx
2017-10-11 21:46:27,352 INFO log>stop received and quit sent to omxplayer 1745 
2017-10-11 21:46:27,352 INFO log>stop received and quit sent to omxplayer 1745 
2017-10-11 21:46:27,352 INFO log>stop received and quit sent to omxplayer 1745 
2017-10-11 21:46:27,352 INFO log>stop received and quit sent to omxplayer 1745 
2017-10-11 21:46:27,361 INFO a is about to play
2017-10-11 21:46:27,361 INFO a is about to play
2017-10-11 21:46:27,361 INFO a is about to play
2017-10-11 21:46:27,361 INFO a is about to play
2017-10-11 21:46:27,363 INFO a is playing now
2017-10-11 21:46:27,363 INFO a is playing now
2017-10-11 21:46:27,363 INFO a is playing now
2017-10-11 21:46:27,363 INFO a is playing now
2017-10-11 21:46:27,365 INFO MONUnpause received  to start showing
2017-10-11 21:46:27,365 INFO MONUnpause received  to start showing
2017-10-11 21:46:27,365 INFO MONUnpause received  to start showing
2017-10-11 21:46:27,365 INFO MONUnpause received  to start showing
2017-10-11 21:46:27,366 INFO MONIs paused so Track will be unpaused  to start showing
2017-10-11 21:46:27,366 INFO MONIs paused so Track will be unpaused  to start showing
2017-10-11 21:46:27,366 INFO MONIs paused so Track will be unpaused  to start showing
2017-10-11 21:46:27,366 INFO MONIs paused so Track will be unpaused  to start showing
2017-10-11 21:46:27,416 INFO b is loading now /home/pi/pp_home/media/5sec.mp4
2017-10-11 21:46:27,416 INFO b is loading now /home/pi/pp_home/media/5sec.mp4
2017-10-11 21:46:27,416 INFO b is loading now /home/pi/pp_home/media/5sec.mp4
2017-10-11 21:46:27,416 INFO b is loading now /home/pi/pp_home/media/5sec.mp4
2017-10-11 21:46:27,417 INFO Send command to omxplayer: /usr/bin/omxplayer --no-keys --win 0,0,400,400 --no-osd --dbus_name 'org.mpris.MediaPlayer2.omxplayer15077583874' '/home/pi/pp_home/media/5sec.mp4'
2017-10-11 21:46:27,417 INFO Send command to omxplayer: /usr/bin/omxplayer --no-keys --win 0,0,400,400 --no-osd --dbus_name 'org.mpris.MediaPlayer2.omxplayer15077583874' '/home/pi/pp_home/media/5sec.mp4'
2017-10-11 21:46:27,417 INFO Send command to omxplayer: /usr/bin/omxplayer --no-keys --win 0,0,400,400 --no-osd --dbus_name 'org.mpris.MediaPlayer2.omxplayer15077583874' '/home/pi/pp_home/media/5sec.mp4'
2017-10-11 21:46:27,417 INFO Send command to omxplayer: /usr/bin/omxplayer --no-keys --win 0,0,400,400 --no-osd --dbus_name 'org.mpris.MediaPlayer2.omxplayer15077583874' '/home/pi/pp_home/media/5sec.mp4'
2017-10-11 21:46:27,952 INFO connected to omxplayer dbus after 5 centisecs
2017-10-11 21:46:27,952 INFO connected to omxplayer dbus after 5 centisecs
2017-10-11 21:46:27,952 INFO connected to omxplayer dbus after 5 centisecs
2017-10-11 21:46:27,952 INFO connected to omxplayer dbus after 5 centisecs
2017-10-11 21:46:28,267 INFO not paused so send pause after load
2017-10-11 21:46:28,267 INFO not paused so send pause after load
2017-10-11 21:46:28,267 INFO not paused so send pause after load
2017-10-11 21:46:28,267 INFO not paused so send pause after load
2017-10-11 21:46:32,229 INFO not paused so send pause  at end of track
2017-10-11 21:46:32,229 INFO not paused so send pause  at end of track
2017-10-11 21:46:32,229 INFO not paused so send pause  at end of track
2017-10-11 21:46:32,229 INFO not paused so send pause  at end of track
2017-10-11 21:46:32,271 INFO a is finished
2017-10-11 21:46:32,271 INFO a is finished
2017-10-11 21:46:32,271 INFO a is finished
2017-10-11 21:46:32,271 INFO a is finished
2017-10-11 21:46:32,273 INFO b is loaded on switchover
2017-10-11 21:46:32,273 INFO b is loaded on switchover
2017-10-11 21:46:32,273 INFO b is loaded on switchover
2017-10-11 21:46:32,273 INFO b is loaded on switchover
2017-10-11 21:46:32,274 INFO switch: last_player is a
2017-10-11 21:46:32,274 INFO switch: last_player is a
2017-10-11 21:46:32,274 INFO switch: last_player is a
2017-10-11 21:46:32,274 INFO switch: last_player is a
2017-10-11 21:46:32,275 INFO switch: current_player is b
2017-10-11 21:46:32,275 INFO switch: current_player is b
2017-10-11 21:46:32,275 INFO switch: current_player is b
2017-10-11 21:46:32,275 INFO switch: current_player is b
2017-10-11 21:46:32,276 INFO switch: next_player is c
2017-10-11 21:46:32,276 INFO switch: next_player is c
2017-10-11 21:46:32,276 INFO switch: next_player is c
2017-10-11 21:46:32,276 INFO switch: next_player is c
2017-10-11 21:46:32,277 INFO a is exiting omx
2017-10-11 21:46:32,277 INFO a is exiting omx
2017-10-11 21:46:32,277 INFO a is exiting omx
2017-10-11 21:46:32,277 INFO a is exiting omx
2017-10-11 21:46:32,278 INFO log>stop received and quit sent to omxplayer 1765 
2017-10-11 21:46:32,278 INFO log>stop received and quit sent to omxplayer 1765 
2017-10-11 21:46:32,278 INFO log>stop received and quit sent to omxplayer 1765 
2017-10-11 21:46:32,278 INFO log>stop received and quit sent to omxplayer 1765 
2017-10-11 21:46:32,292 INFO b is about to play
2017-10-11 21:46:32,292 INFO b is about to play
2017-10-11 21:46:32,292 INFO b is about to play
2017-10-11 21:46:32,292 INFO b is about to play
2017-10-11 21:46:32,293 INFO b is playing now
2017-10-11 21:46:32,293 INFO b is playing now
2017-10-11 21:46:32,293 INFO b is playing now
2017-10-11 21:46:32,293 INFO b is playing now
2017-10-11 21:46:32,295 INFO MONUnpause received  to start showing
2017-10-11 21:46:32,295 INFO MONUnpause received  to start showing
2017-10-11 21:46:32,295 INFO MONUnpause received  to start showing
2017-10-11 21:46:32,295 INFO MONUnpause received  to start showing
2017-10-11 21:46:32,296 INFO MONIs paused so Track will be unpaused  to start showing
2017-10-11 21:46:32,296 INFO MONIs paused so Track will be unpaused  to start showing
2017-10-11 21:46:32,296 INFO MONIs paused so Track will be unpaused  to start showing
2017-10-11 21:46:32,296 INFO MONIs paused so Track will be unpaused  to start showing
2017-10-11 21:46:32,349 INFO c is loading now /home/pi/pp_home/media/5sec.mp4
2017-10-11 21:46:32,349 INFO c is loading now /home/pi/pp_home/media/5sec.mp4
2017-10-11 21:46:32,349 INFO c is loading now /home/pi/pp_home/media/5sec.mp4
2017-10-11 21:46:32,349 INFO c is loading now /home/pi/pp_home/media/5sec.mp4
2017-10-11 21:46:32,350 INFO Send command to omxplayer: /usr/bin/omxplayer --no-keys --win 0,0,400,400 --no-osd --dbus_name 'org.mpris.MediaPlayer2.omxplayer15077583923' '/home/pi/pp_home/media/5sec.mp4'
2017-10-11 21:46:32,350 INFO Send command to omxplayer: /usr/bin/omxplayer --no-keys --win 0,0,400,400 --no-osd --dbus_name 'org.mpris.MediaPlayer2.omxplayer15077583923' '/home/pi/pp_home/media/5sec.mp4'
2017-10-11 21:46:32,350 INFO Send command to omxplayer: /usr/bin/omxplayer --no-keys --win 0,0,400,400 --no-osd --dbus_name 'org.mpris.MediaPlayer2.omxplayer15077583923' '/home/pi/pp_home/media/5sec.mp4'
2017-10-11 21:46:32,350 INFO Send command to omxplayer: /usr/bin/omxplayer --no-keys --win 0,0,400,400 --no-osd --dbus_name 'org.mpris.MediaPlayer2.omxplayer15077583923' '/home/pi/pp_home/media/5sec.mp4'
2017-10-11 21:46:32,886 INFO connected to omxplayer dbus after 5 centisecs
2017-10-11 21:46:32,886 INFO connected to omxplayer dbus after 5 centisecs
2017-10-11 21:46:32,886 INFO connected to omxplayer dbus after 5 centisecs
2017-10-11 21:46:32,886 INFO connected to omxplayer dbus after 5 centisecs
2017-10-11 21:46:33,216 INFO not paused so send pause after load
2017-10-11 21:46:33,216 INFO not paused so send pause after load
2017-10-11 21:46:33,216 INFO not paused so send pause after load
2017-10-11 21:46:33,216 INFO not paused so send pause after load
2017-10-11 21:46:37,199 INFO not paused so send pause  at end of track
2017-10-11 21:46:37,199 INFO not paused so send pause  at end of track
2017-10-11 21:46:37,199 INFO not paused so send pause  at end of track
2017-10-11 21:46:37,199 INFO not paused so send pause  at end of track
2017-10-11 21:46:37,241 INFO b is finished
2017-10-11 21:46:37,241 INFO b is finished
2017-10-11 21:46:37,241 INFO b is finished
2017-10-11 21:46:37,241 INFO b is finished
2017-10-11 21:46:37,243 INFO c is loaded on switchover
2017-10-11 21:46:37,243 INFO c is loaded on switchover
2017-10-11 21:46:37,243 INFO c is loaded on switchover
2017-10-11 21:46:37,243 INFO c is loaded on switchover
2017-10-11 21:46:37,245 INFO switch: last_player is b
2017-10-11 21:46:37,245 INFO switch: last_player is b
2017-10-11 21:46:37,245 INFO switch: last_player is b
2017-10-11 21:46:37,245 INFO switch: last_player is b
2017-10-11 21:46:37,246 INFO switch: current_player is c
2017-10-11 21:46:37,246 INFO switch: current_player is c
2017-10-11 21:46:37,246 INFO switch: current_player is c
2017-10-11 21:46:37,246 INFO switch: current_player is c
2017-10-11 21:46:37,247 INFO switch: next_player is a
2017-10-11 21:46:37,247 INFO switch: next_player is a
2017-10-11 21:46:37,247 INFO switch: next_player is a
2017-10-11 21:46:37,247 INFO switch: next_player is a
2017-10-11 21:46:37,248 INFO b is exiting omx
2017-10-11 21:46:37,248 INFO b is exiting omx
2017-10-11 21:46:37,248 INFO b is exiting omx
2017-10-11 21:46:37,248 INFO b is exiting omx
2017-10-11 21:46:37,249 INFO log>stop received and quit sent to omxplayer 1785 
2017-10-11 21:46:37,249 INFO log>stop received and quit sent to omxplayer 1785 
2017-10-11 21:46:37,249 INFO log>stop received and quit sent to omxplayer 1785 
2017-10-11 21:46:37,249 INFO log>stop received and quit sent to omxplayer 1785 
2017-10-11 21:46:37,261 INFO c is about to play
2017-10-11 21:46:37,261 INFO c is about to play
2017-10-11 21:46:37,261 INFO c is about to play
2017-10-11 21:46:37,261 INFO c is about to play
2017-10-11 21:46:37,263 INFO c is playing now
2017-10-11 21:46:37,263 INFO c is playing now
2017-10-11 21:46:37,263 INFO c is playing now
2017-10-11 21:46:37,263 INFO c is playing now
2017-10-11 21:46:37,264 INFO MONUnpause received  to start showing
2017-10-11 21:46:37,264 INFO MONUnpause received  to start showing
2017-10-11 21:46:37,264 INFO MONUnpause received  to start showing
2017-10-11 21:46:37,264 INFO MONUnpause received  to start showing
2017-10-11 21:46:37,265 INFO MONIs paused so Track will be unpaused  to start showing
2017-10-11 21:46:37,265 INFO MONIs paused so Track will be unpaused  to start showing
2017-10-11 21:46:37,265 INFO MONIs paused so Track will be unpaused  to start showing
2017-10-11 21:46:37,265 INFO MONIs paused so Track will be unpaused  to start showing
2017-10-11 21:46:37,333 INFO a is loading now /home/pi/pp_home/media/5sec.mp4
2017-10-11 21:46:37,333 INFO a is loading now /home/pi/pp_home/media/5sec.mp4
2017-10-11 21:46:37,333 INFO a is loading now /home/pi/pp_home/media/5sec.mp4
2017-10-11 21:46:37,333 INFO a is loading now /home/pi/pp_home/media/5sec.mp4
2017-10-11 21:46:37,335 INFO Send command to omxplayer: /usr/bin/omxplayer --no-keys --win 0,0,400,400 --no-osd --dbus_name 'org.mpris.MediaPlayer2.omxplayer15077583973' '/home/pi/pp_home/media/5sec.mp4'
2017-10-11 21:46:37,335 INFO Send command to omxplayer: /usr/bin/omxplayer --no-keys --win 0,0,400,400 --no-osd --dbus_name 'org.mpris.MediaPlayer2.omxplayer15077583973' '/home/pi/pp_home/media/5sec.mp4'
2017-10-11 21:46:37,335 INFO Send command to omxplayer: /usr/bin/omxplayer --no-keys --win 0,0,400,400 --no-osd --dbus_name 'org.mpris.MediaPlayer2.omxplayer15077583973' '/home/pi/pp_home/media/5sec.mp4'
2017-10-11 21:46:37,335 INFO Send command to omxplayer: /usr/bin/omxplayer --no-keys --win 0,0,400,400 --no-osd --dbus_name 'org.mpris.MediaPlayer2.omxplayer15077583973' '/home/pi/pp_home/media/5sec.mp4'
2017-10-11 21:46:37,872 INFO connected to omxplayer dbus after 5 centisecs
2017-10-11 21:46:37,872 INFO connected to omxplayer dbus after 5 centisecs
2017-10-11 21:46:37,872 INFO connected to omxplayer dbus after 5 centisecs
2017-10-11 21:46:37,872 INFO connected to omxplayer dbus after 5 centisecs
2017-10-11 21:46:38,189 INFO not paused so send pause after load
2017-10-11 21:46:38,189 INFO not paused so send pause after load
2017-10-11 21:46:38,189 INFO not paused so send pause after load
2017-10-11 21:46:38,189 INFO not paused so send pause after load
2017-10-11 21:46:41,574 INFO c is finished
2017-10-11 21:46:41,574 INFO c is finished
2017-10-11 21:46:41,574 INFO c is finished
2017-10-11 21:46:41,574 INFO c is finished
2017-10-11 21:46:41,577 INFO a is loaded on switchover
2017-10-11 21:46:41,577 INFO a is loaded on switchover
2017-10-11 21:46:41,577 INFO a is loaded on switchover
2017-10-11 21:46:41,577 INFO a is loaded on switchover
2017-10-11 21:46:41,578 INFO switch: last_player is c
2017-10-11 21:46:41,578 INFO switch: last_player is c
2017-10-11 21:46:41,578 INFO switch: last_player is c
2017-10-11 21:46:41,578 INFO switch: last_player is c
2017-10-11 21:46:41,579 INFO switch: current_player is a
2017-10-11 21:46:41,579 INFO switch: current_player is a
2017-10-11 21:46:41,579 INFO switch: current_player is a
2017-10-11 21:46:41,579 INFO switch: current_player is a
2017-10-11 21:46:41,580 INFO switch: next_player is b
2017-10-11 21:46:41,580 INFO switch: next_player is b
2017-10-11 21:46:41,580 INFO switch: next_player is b
2017-10-11 21:46:41,580 INFO switch: next_player is b
2017-10-11 21:46:41,582 INFO c is exiting omx
2017-10-11 21:46:41,582 INFO c is exiting omx
2017-10-11 21:46:41,582 INFO c is exiting omx
2017-10-11 21:46:41,582 INFO c is exiting omx
2017-10-11 21:46:41,583 INFO log>stop received and quit sent to omxplayer 1805 
2017-10-11 21:46:41,583 INFO log>stop received and quit sent to omxplayer 1805 
2017-10-11 21:46:41,583 INFO log>stop received and quit sent to omxplayer 1805 
2017-10-11 21:46:41,583 INFO log>stop received and quit sent to omxplayer 1805 
2017-10-11 21:46:41,586 INFO warnFailed to quit - dbus exception: The name :1.5 was not provided by any .service files
2017-10-11 21:46:41,586 INFO warnFailed to quit - dbus exception: The name :1.5 was not provided by any .service files
2017-10-11 21:46:41,586 INFO warnFailed to quit - dbus exception: The name :1.5 was not provided by any .service files
2017-10-11 21:46:41,586 INFO warnFailed to quit - dbus exception: The name :1.5 was not provided by any .service files
2017-10-11 21:46:41,588 INFO a is about to play
2017-10-11 21:46:41,588 INFO a is about to play
2017-10-11 21:46:41,588 INFO a is about to play
2017-10-11 21:46:41,588 INFO a is about to play
2017-10-11 21:46:41,589 INFO a is playing now
2017-10-11 21:46:41,589 INFO a is playing now
2017-10-11 21:46:41,589 INFO a is playing now
2017-10-11 21:46:41,589 INFO a is playing now
2017-10-11 21:46:41,591 INFO MONUnpause received  to start showing
2017-10-11 21:46:41,591 INFO MONUnpause received  to start showing
2017-10-11 21:46:41,591 INFO MONUnpause received  to start showing
2017-10-11 21:46:41,591 INFO MONUnpause received  to start showing
2017-10-11 21:46:41,593 INFO MONIs paused so Track will be unpaused  to start showing
2017-10-11 21:46:41,593 INFO MONIs paused so Track will be unpaused  to start showing
2017-10-11 21:46:41,593 INFO MONIs paused so Track will be unpaused  to start showing
2017-10-11 21:46:41,593 INFO MONIs paused so Track will be unpaused  to start showing
2017-10-11 21:46:41,596 INFO warnFailed to send unpause - dbus exception: Message recipient disconnected from message bus without replying
2017-10-11 21:46:41,596 INFO warnFailed to send unpause - dbus exception: Message recipient disconnected from message bus without replying
2017-10-11 21:46:41,596 INFO warnFailed to send unpause - dbus exception: Message recipient disconnected from message bus without replying
2017-10-11 21:46:41,596 INFO warnFailed to send unpause - dbus exception: Message recipient disconnected from message bus without replying
2017-10-11 21:46:41,598 INFO 15077583973 unpause for show fail 21262
2017-10-11 21:46:41,598 INFO 15077583973 unpause for show fail 21262
2017-10-11 21:46:41,598 INFO 15077583973 unpause for show fail 21262
2017-10-11 21:46:41,598 INFO 15077583973 unpause for show fail 21262
2017-10-11 21:46:41,603 INFO b is loading now /home/pi/pp_home/media/5sec.mp4
2017-10-11 21:46:41,603 INFO b is loading now /home/pi/pp_home/media/5sec.mp4
2017-10-11 21:46:41,603 INFO b is loading now /home/pi/pp_home/media/5sec.mp4
2017-10-11 21:46:41,603 INFO b is loading now /home/pi/pp_home/media/5sec.mp4
2017-10-11 21:46:41,604 INFO Send command to omxplayer: /usr/bin/omxplayer --no-keys --win 0,0,400,400 --no-osd --dbus_name 'org.mpris.MediaPlayer2.omxplayer15077584016' '/home/pi/pp_home/media/5sec.mp4'
2017-10-11 21:46:41,604 INFO Send command to omxplayer: /usr/bin/omxplayer --no-keys --win 0,0,400,400 --no-osd --dbus_name 'org.mpris.MediaPlayer2.omxplayer15077584016' '/home/pi/pp_home/media/5sec.mp4'
2017-10-11 21:46:41,604 INFO Send command to omxplayer: /usr/bin/omxplayer --no-keys --win 0,0,400,400 --no-osd --dbus_name 'org.mpris.MediaPlayer2.omxplayer15077584016' '/home/pi/pp_home/media/5sec.mp4'
2017-10-11 21:46:41,604 INFO Send command to omxplayer: /usr/bin/omxplayer --no-keys --win 0,0,400,400 --no-osd --dbus_name 'org.mpris.MediaPlayer2.omxplayer15077584016' '/home/pi/pp_home/media/5sec.mp4'
2017-10-11 21:46:42,341 INFO connected to omxplayer dbus after 7 centisecs
2017-10-11 21:46:42,341 INFO connected to omxplayer dbus after 7 centisecs
2017-10-11 21:46:42,341 INFO connected to omxplayer dbus after 7 centisecs
2017-10-11 21:46:42,341 INFO connected to omxplayer dbus after 7 centisecs
2017-10-11 21:46:42,637 INFO not paused so send pause after load
2017-10-11 21:46:42,637 INFO not paused so send pause after load
2017-10-11 21:46:42,637 INFO not paused so send pause after load
2017-10-11 21:46:42,637 INFO not paused so send pause after load
2017-10-11 21:49:04,272 INFO the has_omx flag is True
2017-10-11 21:49:04,272 INFO the has_omx flag is True
2017-10-11 21:49:04,272 INFO the has_omx flag is True
2017-10-11 21:49:04,272 INFO the has_omx flag is True
2017-10-11 21:49:04,283 INFO /home/pi/pp_home/media/samplerloop3s3.mp4
2017-10-11 21:49:04,283 INFO /home/pi/pp_home/media/samplerloop3s3.mp4
2017-10-11 21:49:04,283 INFO /home/pi/pp_home/media/samplerloop3s3.mp4
2017-10-11 21:49:04,283 INFO /home/pi/pp_home/media/samplerloop3s3.mp4
2017-10-11 21:49:04,286 INFO b is loading now /home/pi/pp_home/media/samplerloop3s3.mp4
2017-10-11 21:49:04,286 INFO b is loading now /home/pi/pp_home/media/samplerloop3s3.mp4
2017-10-11 21:49:04,286 INFO b is loading now /home/pi/pp_home/media/samplerloop3s3.mp4
2017-10-11 21:49:04,286 INFO b is loading now /home/pi/pp_home/media/samplerloop3s3.mp4
2017-10-11 21:49:04,287 INFO Send command to omxplayer: /usr/bin/omxplayer --no-keys --win 0,0,400,400 --no-osd --dbus_name 'org.mpris.MediaPlayer2.omxplayer15077585442' '/home/pi/pp_home/media/samplerloop3s3.mp4'
2017-10-11 21:49:04,287 INFO Send command to omxplayer: /usr/bin/omxplayer --no-keys --win 0,0,400,400 --no-osd --dbus_name 'org.mpris.MediaPlayer2.omxplayer15077585442' '/home/pi/pp_home/media/samplerloop3s3.mp4'
2017-10-11 21:49:04,287 INFO Send command to omxplayer: /usr/bin/omxplayer --no-keys --win 0,0,400,400 --no-osd --dbus_name 'org.mpris.MediaPlayer2.omxplayer15077585442' '/home/pi/pp_home/media/samplerloop3s3.mp4'
2017-10-11 21:49:04,287 INFO Send command to omxplayer: /usr/bin/omxplayer --no-keys --win 0,0,400,400 --no-osd --dbus_name 'org.mpris.MediaPlayer2.omxplayer15077585442' '/home/pi/pp_home/media/samplerloop3s3.mp4'
2017-10-11 21:49:04,820 INFO connected to omxplayer dbus after 5 centisecs
2017-10-11 21:49:04,820 INFO connected to omxplayer dbus after 5 centisecs
2017-10-11 21:49:04,820 INFO connected to omxplayer dbus after 5 centisecs
2017-10-11 21:49:04,820 INFO connected to omxplayer dbus after 5 centisecs
2017-10-11 21:49:05,136 INFO not paused so send pause after load
2017-10-11 21:49:05,136 INFO not paused so send pause after load
2017-10-11 21:49:05,136 INFO not paused so send pause after load
2017-10-11 21:49:05,136 INFO not paused so send pause after load
2017-10-11 21:49:05,178 INFO b is about to play
2017-10-11 21:49:05,178 INFO b is about to play
2017-10-11 21:49:05,178 INFO b is about to play
2017-10-11 21:49:05,178 INFO b is about to play
2017-10-11 21:49:05,180 INFO b is playing now
2017-10-11 21:49:05,180 INFO b is playing now
2017-10-11 21:49:05,180 INFO b is playing now
2017-10-11 21:49:05,180 INFO b is playing now
2017-10-11 21:49:05,181 INFO MONUnpause received  to start showing
2017-10-11 21:49:05,181 INFO MONUnpause received  to start showing
2017-10-11 21:49:05,181 INFO MONUnpause received  to start showing
2017-10-11 21:49:05,181 INFO MONUnpause received  to start showing
2017-10-11 21:49:05,182 INFO MONIs paused so Track will be unpaused  to start showing
2017-10-11 21:49:05,182 INFO MONIs paused so Track will be unpaused  to start showing
2017-10-11 21:49:05,182 INFO MONIs paused so Track will be unpaused  to start showing
2017-10-11 21:49:05,182 INFO MONIs paused so Track will be unpaused  to start showing
2017-10-11 21:49:05,242 INFO c is loading now /home/pi/pp_home/media/samplerloop3s3.mp4
2017-10-11 21:49:05,242 INFO c is loading now /home/pi/pp_home/media/samplerloop3s3.mp4
2017-10-11 21:49:05,242 INFO c is loading now /home/pi/pp_home/media/samplerloop3s3.mp4
2017-10-11 21:49:05,242 INFO c is loading now /home/pi/pp_home/media/samplerloop3s3.mp4
2017-10-11 21:49:05,244 INFO Send command to omxplayer: /usr/bin/omxplayer --no-keys --win 0,0,400,400 --no-osd --dbus_name 'org.mpris.MediaPlayer2.omxplayer15077585452' '/home/pi/pp_home/media/samplerloop3s3.mp4'
2017-10-11 21:49:05,244 INFO Send command to omxplayer: /usr/bin/omxplayer --no-keys --win 0,0,400,400 --no-osd --dbus_name 'org.mpris.MediaPlayer2.omxplayer15077585452' '/home/pi/pp_home/media/samplerloop3s3.mp4'
2017-10-11 21:49:05,244 INFO Send command to omxplayer: /usr/bin/omxplayer --no-keys --win 0,0,400,400 --no-osd --dbus_name 'org.mpris.MediaPlayer2.omxplayer15077585452' '/home/pi/pp_home/media/samplerloop3s3.mp4'
2017-10-11 21:49:05,244 INFO Send command to omxplayer: /usr/bin/omxplayer --no-keys --win 0,0,400,400 --no-osd --dbus_name 'org.mpris.MediaPlayer2.omxplayer15077585452' '/home/pi/pp_home/media/samplerloop3s3.mp4'
2017-10-11 21:49:05,777 INFO connected to omxplayer dbus after 5 centisecs
2017-10-11 21:49:05,777 INFO connected to omxplayer dbus after 5 centisecs
2017-10-11 21:49:05,777 INFO connected to omxplayer dbus after 5 centisecs
2017-10-11 21:49:05,777 INFO connected to omxplayer dbus after 5 centisecs
2017-10-11 21:49:06,055 INFO not paused so send pause after load
2017-10-11 21:49:06,055 INFO not paused so send pause after load
2017-10-11 21:49:06,055 INFO not paused so send pause after load
2017-10-11 21:49:06,055 INFO not paused so send pause after load
2017-10-11 21:49:07,883 INFO not paused so send pause  at end of track
2017-10-11 21:49:07,883 INFO not paused so send pause  at end of track
2017-10-11 21:49:07,883 INFO not paused so send pause  at end of track
2017-10-11 21:49:07,883 INFO not paused so send pause  at end of track
2017-10-11 21:49:07,924 INFO b is finished
2017-10-11 21:49:07,924 INFO b is finished
2017-10-11 21:49:07,924 INFO b is finished
2017-10-11 21:49:07,924 INFO b is finished
2017-10-11 21:49:07,932 INFO c is loaded on switchover
2017-10-11 21:49:07,932 INFO c is loaded on switchover
2017-10-11 21:49:07,932 INFO c is loaded on switchover
2017-10-11 21:49:07,932 INFO c is loaded on switchover
2017-10-11 21:49:07,933 INFO switch: last_player is b
2017-10-11 21:49:07,933 INFO switch: last_player is b
2017-10-11 21:49:07,933 INFO switch: last_player is b
2017-10-11 21:49:07,933 INFO switch: last_player is b
2017-10-11 21:49:07,934 INFO switch: current_player is c
2017-10-11 21:49:07,934 INFO switch: current_player is c
2017-10-11 21:49:07,934 INFO switch: current_player is c
2017-10-11 21:49:07,934 INFO switch: current_player is c
2017-10-11 21:49:07,936 INFO switch: next_player is a
2017-10-11 21:49:07,936 INFO switch: next_player is a
2017-10-11 21:49:07,936 INFO switch: next_player is a
2017-10-11 21:49:07,936 INFO switch: next_player is a
2017-10-11 21:49:07,937 INFO b is exiting omx
2017-10-11 21:49:07,937 INFO b is exiting omx
2017-10-11 21:49:07,937 INFO b is exiting omx
2017-10-11 21:49:07,937 INFO b is exiting omx
2017-10-11 21:49:07,938 INFO log>stop received and quit sent to omxplayer 1912 
2017-10-11 21:49:07,938 INFO log>stop received and quit sent to omxplayer 1912 
2017-10-11 21:49:07,938 INFO log>stop received and quit sent to omxplayer 1912 
2017-10-11 21:49:07,938 INFO log>stop received and quit sent to omxplayer 1912 
2017-10-11 21:49:07,945 INFO c is about to play
2017-10-11 21:49:07,945 INFO c is about to play
2017-10-11 21:49:07,945 INFO c is about to play
2017-10-11 21:49:07,945 INFO c is about to play
2017-10-11 21:49:07,947 INFO c is playing now
2017-10-11 21:49:07,947 INFO c is playing now
2017-10-11 21:49:07,947 INFO c is playing now
2017-10-11 21:49:07,947 INFO c is playing now
2017-10-11 21:49:07,948 INFO MONUnpause received  to start showing
2017-10-11 21:49:07,948 INFO MONUnpause received  to start showing
2017-10-11 21:49:07,948 INFO MONUnpause received  to start showing
2017-10-11 21:49:07,948 INFO MONUnpause received  to start showing
2017-10-11 21:49:07,950 INFO MONIs paused so Track will be unpaused  to start showing
2017-10-11 21:49:07,950 INFO MONIs paused so Track will be unpaused  to start showing
2017-10-11 21:49:07,950 INFO MONIs paused so Track will be unpaused  to start showing
2017-10-11 21:49:07,950 INFO MONIs paused so Track will be unpaused  to start showing
2017-10-11 21:49:08,013 INFO a is loading now /home/pi/pp_home/media/samplerloop3s3.mp4
2017-10-11 21:49:08,013 INFO a is loading now /home/pi/pp_home/media/samplerloop3s3.mp4
2017-10-11 21:49:08,013 INFO a is loading now /home/pi/pp_home/media/samplerloop3s3.mp4
2017-10-11 21:49:08,013 INFO a is loading now /home/pi/pp_home/media/samplerloop3s3.mp4
2017-10-11 21:49:08,014 INFO Send command to omxplayer: /usr/bin/omxplayer --no-keys --win 0,0,400,400 --no-osd --dbus_name 'org.mpris.MediaPlayer2.omxplayer15077585480' '/home/pi/pp_home/media/samplerloop3s3.mp4'
2017-10-11 21:49:08,014 INFO Send command to omxplayer: /usr/bin/omxplayer --no-keys --win 0,0,400,400 --no-osd --dbus_name 'org.mpris.MediaPlayer2.omxplayer15077585480' '/home/pi/pp_home/media/samplerloop3s3.mp4'
2017-10-11 21:49:08,014 INFO Send command to omxplayer: /usr/bin/omxplayer --no-keys --win 0,0,400,400 --no-osd --dbus_name 'org.mpris.MediaPlayer2.omxplayer15077585480' '/home/pi/pp_home/media/samplerloop3s3.mp4'
2017-10-11 21:49:08,014 INFO Send command to omxplayer: /usr/bin/omxplayer --no-keys --win 0,0,400,400 --no-osd --dbus_name 'org.mpris.MediaPlayer2.omxplayer15077585480' '/home/pi/pp_home/media/samplerloop3s3.mp4'
2017-10-11 21:49:08,553 INFO connected to omxplayer dbus after 5 centisecs
2017-10-11 21:49:08,553 INFO connected to omxplayer dbus after 5 centisecs
2017-10-11 21:49:08,553 INFO connected to omxplayer dbus after 5 centisecs
2017-10-11 21:49:08,553 INFO connected to omxplayer dbus after 5 centisecs
2017-10-11 21:49:08,808 INFO not paused so send pause after load
2017-10-11 21:49:08,808 INFO not paused so send pause after load
2017-10-11 21:49:08,808 INFO not paused so send pause after load
2017-10-11 21:49:08,808 INFO not paused so send pause after load
2017-10-11 21:49:10,642 INFO not paused so send pause  at end of track
2017-10-11 21:49:10,642 INFO not paused so send pause  at end of track
2017-10-11 21:49:10,642 INFO not paused so send pause  at end of track
2017-10-11 21:49:10,642 INFO not paused so send pause  at end of track
2017-10-11 21:49:10,684 INFO c is finished
2017-10-11 21:49:10,684 INFO c is finished
2017-10-11 21:49:10,684 INFO c is finished
2017-10-11 21:49:10,684 INFO c is finished
2017-10-11 21:49:10,686 INFO a is loaded on switchover
2017-10-11 21:49:10,686 INFO a is loaded on switchover
2017-10-11 21:49:10,686 INFO a is loaded on switchover
2017-10-11 21:49:10,686 INFO a is loaded on switchover
2017-10-11 21:49:10,687 INFO switch: last_player is c
2017-10-11 21:49:10,687 INFO switch: last_player is c
2017-10-11 21:49:10,687 INFO switch: last_player is c
2017-10-11 21:49:10,687 INFO switch: last_player is c
2017-10-11 21:49:10,688 INFO switch: current_player is a
2017-10-11 21:49:10,688 INFO switch: current_player is a
2017-10-11 21:49:10,688 INFO switch: current_player is a
2017-10-11 21:49:10,688 INFO switch: current_player is a
2017-10-11 21:49:10,689 INFO switch: next_player is b
2017-10-11 21:49:10,689 INFO switch: next_player is b
2017-10-11 21:49:10,689 INFO switch: next_player is b
2017-10-11 21:49:10,689 INFO switch: next_player is b
2017-10-11 21:49:10,690 INFO c is exiting omx
2017-10-11 21:49:10,690 INFO c is exiting omx
2017-10-11 21:49:10,690 INFO c is exiting omx
2017-10-11 21:49:10,690 INFO c is exiting omx
2017-10-11 21:49:10,692 INFO log>stop received and quit sent to omxplayer 1930 
2017-10-11 21:49:10,692 INFO log>stop received and quit sent to omxplayer 1930 
2017-10-11 21:49:10,692 INFO log>stop received and quit sent to omxplayer 1930 
2017-10-11 21:49:10,692 INFO log>stop received and quit sent to omxplayer 1930 
2017-10-11 21:49:10,705 INFO a is about to play
2017-10-11 21:49:10,705 INFO a is about to play
2017-10-11 21:49:10,705 INFO a is about to play
2017-10-11 21:49:10,705 INFO a is about to play
2017-10-11 21:49:10,707 INFO a is playing now
2017-10-11 21:49:10,707 INFO a is playing now
2017-10-11 21:49:10,707 INFO a is playing now
2017-10-11 21:49:10,707 INFO a is playing now
2017-10-11 21:49:10,708 INFO MONUnpause received  to start showing
2017-10-11 21:49:10,708 INFO MONUnpause received  to start showing
2017-10-11 21:49:10,708 INFO MONUnpause received  to start showing
2017-10-11 21:49:10,708 INFO MONUnpause received  to start showing
2017-10-11 21:49:10,710 INFO MONIs paused so Track will be unpaused  to start showing
2017-10-11 21:49:10,710 INFO MONIs paused so Track will be unpaused  to start showing
2017-10-11 21:49:10,710 INFO MONIs paused so Track will be unpaused  to start showing
2017-10-11 21:49:10,710 INFO MONIs paused so Track will be unpaused  to start showing
2017-10-11 21:49:10,763 INFO b is loading now /home/pi/pp_home/media/samplerloop3s3.mp4
2017-10-11 21:49:10,763 INFO b is loading now /home/pi/pp_home/media/samplerloop3s3.mp4
2017-10-11 21:49:10,763 INFO b is loading now /home/pi/pp_home/media/samplerloop3s3.mp4
2017-10-11 21:49:10,763 INFO b is loading now /home/pi/pp_home/media/samplerloop3s3.mp4
2017-10-11 21:49:10,765 INFO Send command to omxplayer: /usr/bin/omxplayer --no-keys --win 0,0,400,400 --no-osd --dbus_name 'org.mpris.MediaPlayer2.omxplayer15077585507' '/home/pi/pp_home/media/samplerloop3s3.mp4'
2017-10-11 21:49:10,765 INFO Send command to omxplayer: /usr/bin/omxplayer --no-keys --win 0,0,400,400 --no-osd --dbus_name 'org.mpris.MediaPlayer2.omxplayer15077585507' '/home/pi/pp_home/media/samplerloop3s3.mp4'
2017-10-11 21:49:10,765 INFO Send command to omxplayer: /usr/bin/omxplayer --no-keys --win 0,0,400,400 --no-osd --dbus_name 'org.mpris.MediaPlayer2.omxplayer15077585507' '/home/pi/pp_home/media/samplerloop3s3.mp4'
2017-10-11 21:49:10,765 INFO Send command to omxplayer: /usr/bin/omxplayer --no-keys --win 0,0,400,400 --no-osd --dbus_name 'org.mpris.MediaPlayer2.omxplayer15077585507' '/home/pi/pp_home/media/samplerloop3s3.mp4'
2017-10-11 21:49:11,302 INFO connected to omxplayer dbus after 5 centisecs
2017-10-11 21:49:11,302 INFO connected to omxplayer dbus after 5 centisecs
2017-10-11 21:49:11,302 INFO connected to omxplayer dbus after 5 centisecs
2017-10-11 21:49:11,302 INFO connected to omxplayer dbus after 5 centisecs
2017-10-11 21:49:11,567 INFO not paused so send pause after load
2017-10-11 21:49:11,567 INFO not paused so send pause after load
2017-10-11 21:49:11,567 INFO not paused so send pause after load
2017-10-11 21:49:11,567 INFO not paused so send pause after load
2017-10-11 21:49:13,450 INFO not paused so send pause  at end of track
2017-10-11 21:49:13,450 INFO not paused so send pause  at end of track
2017-10-11 21:49:13,450 INFO not paused so send pause  at end of track
2017-10-11 21:49:13,450 INFO not paused so send pause  at end of track
2017-10-11 21:49:13,553 INFO a is finished
2017-10-11 21:49:13,553 INFO a is finished
2017-10-11 21:49:13,553 INFO a is finished
2017-10-11 21:49:13,553 INFO a is finished
2017-10-11 21:49:13,554 INFO b is loaded on switchover
2017-10-11 21:49:13,554 INFO b is loaded on switchover
2017-10-11 21:49:13,554 INFO b is loaded on switchover
2017-10-11 21:49:13,554 INFO b is loaded on switchover
2017-10-11 21:49:13,555 INFO switch: last_player is a
2017-10-11 21:49:13,555 INFO switch: last_player is a
2017-10-11 21:49:13,555 INFO switch: last_player is a
2017-10-11 21:49:13,555 INFO switch: last_player is a
2017-10-11 21:49:13,557 INFO switch: current_player is b
2017-10-11 21:49:13,557 INFO switch: current_player is b
2017-10-11 21:49:13,557 INFO switch: current_player is b
2017-10-11 21:49:13,557 INFO switch: current_player is b
2017-10-11 21:49:13,558 INFO switch: next_player is c
2017-10-11 21:49:13,558 INFO switch: next_player is c
2017-10-11 21:49:13,558 INFO switch: next_player is c
2017-10-11 21:49:13,558 INFO switch: next_player is c
2017-10-11 21:49:13,559 INFO a is exiting omx
2017-10-11 21:49:13,559 INFO a is exiting omx
2017-10-11 21:49:13,559 INFO a is exiting omx
2017-10-11 21:49:13,559 INFO a is exiting omx
2017-10-11 21:49:13,560 INFO log>stop received and quit sent to omxplayer 1949 
2017-10-11 21:49:13,560 INFO log>stop received and quit sent to omxplayer 1949 
2017-10-11 21:49:13,560 INFO log>stop received and quit sent to omxplayer 1949 
2017-10-11 21:49:13,560 INFO log>stop received and quit sent to omxplayer 1949 
2017-10-11 21:49:13,573 INFO b is about to play
2017-10-11 21:49:13,573 INFO b is about to play
2017-10-11 21:49:13,573 INFO b is about to play
2017-10-11 21:49:13,573 INFO b is about to play
2017-10-11 21:49:13,576 INFO b is playing now
2017-10-11 21:49:13,576 INFO b is playing now
2017-10-11 21:49:13,576 INFO b is playing now
2017-10-11 21:49:13,576 INFO b is playing now
2017-10-11 21:49:13,577 INFO MONUnpause received  to start showing
2017-10-11 21:49:13,577 INFO MONUnpause received  to start showing
2017-10-11 21:49:13,577 INFO MONUnpause received  to start showing
2017-10-11 21:49:13,577 INFO MONUnpause received  to start showing
2017-10-11 21:49:13,578 INFO MONIs paused so Track will be unpaused  to start showing
2017-10-11 21:49:13,578 INFO MONIs paused so Track will be unpaused  to start showing
2017-10-11 21:49:13,578 INFO MONIs paused so Track will be unpaused  to start showing
2017-10-11 21:49:13,578 INFO MONIs paused so Track will be unpaused  to start showing
2017-10-11 21:49:13,628 INFO c is loading now /home/pi/pp_home/media/samplerloop3s3.mp4
2017-10-11 21:49:13,628 INFO c is loading now /home/pi/pp_home/media/samplerloop3s3.mp4
2017-10-11 21:49:13,628 INFO c is loading now /home/pi/pp_home/media/samplerloop3s3.mp4
2017-10-11 21:49:13,628 INFO c is loading now /home/pi/pp_home/media/samplerloop3s3.mp4
2017-10-11 21:49:13,631 INFO Send command to omxplayer: /usr/bin/omxplayer --no-keys --win 0,0,400,400 --no-osd --dbus_name 'org.mpris.MediaPlayer2.omxplayer15077585536' '/home/pi/pp_home/media/samplerloop3s3.mp4'
2017-10-11 21:49:13,631 INFO Send command to omxplayer: /usr/bin/omxplayer --no-keys --win 0,0,400,400 --no-osd --dbus_name 'org.mpris.MediaPlayer2.omxplayer15077585536' '/home/pi/pp_home/media/samplerloop3s3.mp4'
2017-10-11 21:49:13,631 INFO Send command to omxplayer: /usr/bin/omxplayer --no-keys --win 0,0,400,400 --no-osd --dbus_name 'org.mpris.MediaPlayer2.omxplayer15077585536' '/home/pi/pp_home/media/samplerloop3s3.mp4'
2017-10-11 21:49:13,631 INFO Send command to omxplayer: /usr/bin/omxplayer --no-keys --win 0,0,400,400 --no-osd --dbus_name 'org.mpris.MediaPlayer2.omxplayer15077585536' '/home/pi/pp_home/media/samplerloop3s3.mp4'
2017-10-11 21:49:14,194 INFO connected to omxplayer dbus after 5 centisecs
2017-10-11 21:49:14,194 INFO connected to omxplayer dbus after 5 centisecs
2017-10-11 21:49:14,194 INFO connected to omxplayer dbus after 5 centisecs
2017-10-11 21:49:14,194 INFO connected to omxplayer dbus after 5 centisecs
2017-10-11 21:49:14,477 INFO not paused so send pause after load
2017-10-11 21:49:14,477 INFO not paused so send pause after load
2017-10-11 21:49:14,477 INFO not paused so send pause after load
2017-10-11 21:49:14,477 INFO not paused so send pause after load
2017-10-11 21:49:16,303 INFO not paused so send pause  at end of track
2017-10-11 21:49:16,303 INFO not paused so send pause  at end of track
2017-10-11 21:49:16,303 INFO not paused so send pause  at end of track
2017-10-11 21:49:16,303 INFO not paused so send pause  at end of track
2017-10-11 21:49:16,344 INFO b is finished
2017-10-11 21:49:16,344 INFO b is finished
2017-10-11 21:49:16,344 INFO b is finished
2017-10-11 21:49:16,344 INFO b is finished
2017-10-11 21:49:16,346 INFO c is loaded on switchover
2017-10-11 21:49:16,346 INFO c is loaded on switchover
2017-10-11 21:49:16,346 INFO c is loaded on switchover
2017-10-11 21:49:16,346 INFO c is loaded on switchover
2017-10-11 21:49:16,347 INFO switch: last_player is b
2017-10-11 21:49:16,347 INFO switch: last_player is b
2017-10-11 21:49:16,347 INFO switch: last_player is b
2017-10-11 21:49:16,347 INFO switch: last_player is b
2017-10-11 21:49:16,348 INFO switch: current_player is c
2017-10-11 21:49:16,348 INFO switch: current_player is c
2017-10-11 21:49:16,348 INFO switch: current_player is c
2017-10-11 21:49:16,348 INFO switch: current_player is c
2017-10-11 21:49:16,349 INFO switch: next_player is a
2017-10-11 21:49:16,349 INFO switch: next_player is a
2017-10-11 21:49:16,349 INFO switch: next_player is a
2017-10-11 21:49:16,349 INFO switch: next_player is a
2017-10-11 21:49:16,351 INFO b is exiting omx
2017-10-11 21:49:16,351 INFO b is exiting omx
2017-10-11 21:49:16,351 INFO b is exiting omx
2017-10-11 21:49:16,351 INFO b is exiting omx
2017-10-11 21:49:16,352 INFO log>stop received and quit sent to omxplayer 1969 
2017-10-11 21:49:16,352 INFO log>stop received and quit sent to omxplayer 1969 
2017-10-11 21:49:16,352 INFO log>stop received and quit sent to omxplayer 1969 
2017-10-11 21:49:16,352 INFO log>stop received and quit sent to omxplayer 1969 
2017-10-11 21:49:16,365 INFO c is about to play
2017-10-11 21:49:16,365 INFO c is about to play
2017-10-11 21:49:16,365 INFO c is about to play
2017-10-11 21:49:16,365 INFO c is about to play
2017-10-11 21:49:16,366 INFO c is playing now
2017-10-11 21:49:16,366 INFO c is playing now
2017-10-11 21:49:16,366 INFO c is playing now
2017-10-11 21:49:16,366 INFO c is playing now
2017-10-11 21:49:16,368 INFO MONUnpause received  to start showing
2017-10-11 21:49:16,368 INFO MONUnpause received  to start showing
2017-10-11 21:49:16,368 INFO MONUnpause received  to start showing
2017-10-11 21:49:16,368 INFO MONUnpause received  to start showing
2017-10-11 21:49:16,370 INFO MONIs paused so Track will be unpaused  to start showing
2017-10-11 21:49:16,370 INFO MONIs paused so Track will be unpaused  to start showing
2017-10-11 21:49:16,370 INFO MONIs paused so Track will be unpaused  to start showing
2017-10-11 21:49:16,370 INFO MONIs paused so Track will be unpaused  to start showing
2017-10-11 21:49:16,435 INFO a is loading now /home/pi/pp_home/media/samplerloop3s3.mp4
2017-10-11 21:49:16,435 INFO a is loading now /home/pi/pp_home/media/samplerloop3s3.mp4
2017-10-11 21:49:16,435 INFO a is loading now /home/pi/pp_home/media/samplerloop3s3.mp4
2017-10-11 21:49:16,435 INFO a is loading now /home/pi/pp_home/media/samplerloop3s3.mp4
2017-10-11 21:49:16,437 INFO Send command to omxplayer: /usr/bin/omxplayer --no-keys --win 0,0,400,400 --no-osd --dbus_name 'org.mpris.MediaPlayer2.omxplayer15077585564' '/home/pi/pp_home/media/samplerloop3s3.mp4'
2017-10-11 21:49:16,437 INFO Send command to omxplayer: /usr/bin/omxplayer --no-keys --win 0,0,400,400 --no-osd --dbus_name 'org.mpris.MediaPlayer2.omxplayer15077585564' '/home/pi/pp_home/media/samplerloop3s3.mp4'
2017-10-11 21:49:16,437 INFO Send command to omxplayer: /usr/bin/omxplayer --no-keys --win 0,0,400,400 --no-osd --dbus_name 'org.mpris.MediaPlayer2.omxplayer15077585564' '/home/pi/pp_home/media/samplerloop3s3.mp4'
2017-10-11 21:49:16,437 INFO Send command to omxplayer: /usr/bin/omxplayer --no-keys --win 0,0,400,400 --no-osd --dbus_name 'org.mpris.MediaPlayer2.omxplayer15077585564' '/home/pi/pp_home/media/samplerloop3s3.mp4'
2017-10-11 21:49:16,975 INFO connected to omxplayer dbus after 5 centisecs
2017-10-11 21:49:16,975 INFO connected to omxplayer dbus after 5 centisecs
2017-10-11 21:49:16,975 INFO connected to omxplayer dbus after 5 centisecs
2017-10-11 21:49:16,975 INFO connected to omxplayer dbus after 5 centisecs
2017-10-11 21:49:17,245 INFO not paused so send pause after load
2017-10-11 21:49:17,245 INFO not paused so send pause after load
2017-10-11 21:49:17,245 INFO not paused so send pause after load
2017-10-11 21:49:17,245 INFO not paused so send pause after load
2017-10-11 21:49:19,127 INFO not paused so send pause  at end of track
2017-10-11 21:49:19,127 INFO not paused so send pause  at end of track
2017-10-11 21:49:19,127 INFO not paused so send pause  at end of track
2017-10-11 21:49:19,127 INFO not paused so send pause  at end of track
2017-10-11 21:49:19,169 INFO c is finished
2017-10-11 21:49:19,169 INFO c is finished
2017-10-11 21:49:19,169 INFO c is finished
2017-10-11 21:49:19,169 INFO c is finished
2017-10-11 21:49:19,170 INFO a is loaded on switchover
2017-10-11 21:49:19,170 INFO a is loaded on switchover
2017-10-11 21:49:19,170 INFO a is loaded on switchover
2017-10-11 21:49:19,170 INFO a is loaded on switchover
2017-10-11 21:49:19,172 INFO switch: last_player is c
2017-10-11 21:49:19,172 INFO switch: last_player is c
2017-10-11 21:49:19,172 INFO switch: last_player is c
2017-10-11 21:49:19,172 INFO switch: last_player is c
2017-10-11 21:49:19,173 INFO switch: current_player is a
2017-10-11 21:49:19,173 INFO switch: current_player is a
2017-10-11 21:49:19,173 INFO switch: current_player is a
2017-10-11 21:49:19,173 INFO switch: current_player is a
2017-10-11 21:49:19,174 INFO switch: next_player is b
2017-10-11 21:49:19,174 INFO switch: next_player is b
2017-10-11 21:49:19,174 INFO switch: next_player is b
2017-10-11 21:49:19,174 INFO switch: next_player is b
2017-10-11 21:49:19,175 INFO c is exiting omx
2017-10-11 21:49:19,175 INFO c is exiting omx
2017-10-11 21:49:19,175 INFO c is exiting omx
2017-10-11 21:49:19,175 INFO c is exiting omx
2017-10-11 21:49:19,176 INFO log>stop received and quit sent to omxplayer 1988 
2017-10-11 21:49:19,176 INFO log>stop received and quit sent to omxplayer 1988 
2017-10-11 21:49:19,176 INFO log>stop received and quit sent to omxplayer 1988 
2017-10-11 21:49:19,176 INFO log>stop received and quit sent to omxplayer 1988 
2017-10-11 21:49:19,189 INFO a is about to play
2017-10-11 21:49:19,189 INFO a is about to play
2017-10-11 21:49:19,189 INFO a is about to play
2017-10-11 21:49:19,189 INFO a is about to play
2017-10-11 21:49:19,191 INFO a is playing now
2017-10-11 21:49:19,191 INFO a is playing now
2017-10-11 21:49:19,191 INFO a is playing now
2017-10-11 21:49:19,191 INFO a is playing now
2017-10-11 21:49:19,192 INFO MONUnpause received  to start showing
2017-10-11 21:49:19,192 INFO MONUnpause received  to start showing
2017-10-11 21:49:19,192 INFO MONUnpause received  to start showing
2017-10-11 21:49:19,192 INFO MONUnpause received  to start showing
2017-10-11 21:49:19,193 INFO MONIs paused so Track will be unpaused  to start showing
2017-10-11 21:49:19,193 INFO MONIs paused so Track will be unpaused  to start showing
2017-10-11 21:49:19,193 INFO MONIs paused so Track will be unpaused  to start showing
2017-10-11 21:49:19,193 INFO MONIs paused so Track will be unpaused  to start showing
2017-10-11 21:49:19,241 INFO b is loading now /home/pi/pp_home/media/samplerloop3s3.mp4
2017-10-11 21:49:19,241 INFO b is loading now /home/pi/pp_home/media/samplerloop3s3.mp4
2017-10-11 21:49:19,241 INFO b is loading now /home/pi/pp_home/media/samplerloop3s3.mp4
2017-10-11 21:49:19,241 INFO b is loading now /home/pi/pp_home/media/samplerloop3s3.mp4
2017-10-11 21:49:19,243 INFO Send command to omxplayer: /usr/bin/omxplayer --no-keys --win 0,0,400,400 --no-osd --dbus_name 'org.mpris.MediaPlayer2.omxplayer15077585592' '/home/pi/pp_home/media/samplerloop3s3.mp4'
2017-10-11 21:49:19,243 INFO Send command to omxplayer: /usr/bin/omxplayer --no-keys --win 0,0,400,400 --no-osd --dbus_name 'org.mpris.MediaPlayer2.omxplayer15077585592' '/home/pi/pp_home/media/samplerloop3s3.mp4'
2017-10-11 21:49:19,243 INFO Send command to omxplayer: /usr/bin/omxplayer --no-keys --win 0,0,400,400 --no-osd --dbus_name 'org.mpris.MediaPlayer2.omxplayer15077585592' '/home/pi/pp_home/media/samplerloop3s3.mp4'
2017-10-11 21:49:19,243 INFO Send command to omxplayer: /usr/bin/omxplayer --no-keys --win 0,0,400,400 --no-osd --dbus_name 'org.mpris.MediaPlayer2.omxplayer15077585592' '/home/pi/pp_home/media/samplerloop3s3.mp4'
2017-10-11 21:49:19,893 INFO connected to omxplayer dbus after 6 centisecs
2017-10-11 21:49:19,893 INFO connected to omxplayer dbus after 6 centisecs
2017-10-11 21:49:19,893 INFO connected to omxplayer dbus after 6 centisecs
2017-10-11 21:49:19,893 INFO connected to omxplayer dbus after 6 centisecs
2017-10-11 21:49:20,164 INFO not paused so send pause after load
2017-10-11 21:49:20,164 INFO not paused so send pause after load
2017-10-11 21:49:20,164 INFO not paused so send pause after load
2017-10-11 21:49:20,164 INFO not paused so send pause after load
2017-10-11 21:49:21,924 INFO not paused so send pause  at end of track
2017-10-11 21:49:21,924 INFO not paused so send pause  at end of track
2017-10-11 21:49:21,924 INFO not paused so send pause  at end of track
2017-10-11 21:49:21,924 INFO not paused so send pause  at end of track
2017-10-11 21:49:21,965 INFO a is finished
2017-10-11 21:49:21,965 INFO a is finished
2017-10-11 21:49:21,965 INFO a is finished
2017-10-11 21:49:21,965 INFO a is finished
2017-10-11 21:49:21,967 INFO b is loaded on switchover
2017-10-11 21:49:21,967 INFO b is loaded on switchover
2017-10-11 21:49:21,967 INFO b is loaded on switchover
2017-10-11 21:49:21,967 INFO b is loaded on switchover
2017-10-11 21:49:21,968 INFO switch: last_player is a
2017-10-11 21:49:21,968 INFO switch: last_player is a
2017-10-11 21:49:21,968 INFO switch: last_player is a
2017-10-11 21:49:21,968 INFO switch: last_player is a
2017-10-11 21:49:21,969 INFO switch: current_player is b
2017-10-11 21:49:21,969 INFO switch: current_player is b
2017-10-11 21:49:21,969 INFO switch: current_player is b
2017-10-11 21:49:21,969 INFO switch: current_player is b
2017-10-11 21:49:21,970 INFO switch: next_player is c
2017-10-11 21:49:21,970 INFO switch: next_player is c
2017-10-11 21:49:21,970 INFO switch: next_player is c
2017-10-11 21:49:21,970 INFO switch: next_player is c
2017-10-11 21:49:21,972 INFO a is exiting omx
2017-10-11 21:49:21,972 INFO a is exiting omx
2017-10-11 21:49:21,972 INFO a is exiting omx
2017-10-11 21:49:21,972 INFO a is exiting omx
2017-10-11 21:49:21,973 INFO log>stop received and quit sent to omxplayer 2008 
2017-10-11 21:49:21,973 INFO log>stop received and quit sent to omxplayer 2008 
2017-10-11 21:49:21,973 INFO log>stop received and quit sent to omxplayer 2008 
2017-10-11 21:49:21,973 INFO log>stop received and quit sent to omxplayer 2008 
2017-10-11 21:49:21,986 INFO b is about to play
2017-10-11 21:49:21,986 INFO b is about to play
2017-10-11 21:49:21,986 INFO b is about to play
2017-10-11 21:49:21,986 INFO b is about to play
2017-10-11 21:49:21,987 INFO b is playing now
2017-10-11 21:49:21,987 INFO b is playing now
2017-10-11 21:49:21,987 INFO b is playing now
2017-10-11 21:49:21,987 INFO b is playing now
2017-10-11 21:49:21,989 INFO MONUnpause received  to start showing
2017-10-11 21:49:21,989 INFO MONUnpause received  to start showing
2017-10-11 21:49:21,989 INFO MONUnpause received  to start showing
2017-10-11 21:49:21,989 INFO MONUnpause received  to start showing
2017-10-11 21:49:21,991 INFO MONIs paused so Track will be unpaused  to start showing
2017-10-11 21:49:21,991 INFO MONIs paused so Track will be unpaused  to start showing
2017-10-11 21:49:21,991 INFO MONIs paused so Track will be unpaused  to start showing
2017-10-11 21:49:21,991 INFO MONIs paused so Track will be unpaused  to start showing
2017-10-11 21:49:22,042 INFO c is loading now /home/pi/pp_home/media/samplerloop3s3.mp4
2017-10-11 21:49:22,042 INFO c is loading now /home/pi/pp_home/media/samplerloop3s3.mp4
2017-10-11 21:49:22,042 INFO c is loading now /home/pi/pp_home/media/samplerloop3s3.mp4
2017-10-11 21:49:22,042 INFO c is loading now /home/pi/pp_home/media/samplerloop3s3.mp4
2017-10-11 21:49:22,045 INFO Send command to omxplayer: /usr/bin/omxplayer --no-keys --win 0,0,400,400 --no-osd --dbus_name 'org.mpris.MediaPlayer2.omxplayer15077585620' '/home/pi/pp_home/media/samplerloop3s3.mp4'
2017-10-11 21:49:22,045 INFO Send command to omxplayer: /usr/bin/omxplayer --no-keys --win 0,0,400,400 --no-osd --dbus_name 'org.mpris.MediaPlayer2.omxplayer15077585620' '/home/pi/pp_home/media/samplerloop3s3.mp4'
2017-10-11 21:49:22,045 INFO Send command to omxplayer: /usr/bin/omxplayer --no-keys --win 0,0,400,400 --no-osd --dbus_name 'org.mpris.MediaPlayer2.omxplayer15077585620' '/home/pi/pp_home/media/samplerloop3s3.mp4'
2017-10-11 21:49:22,045 INFO Send command to omxplayer: /usr/bin/omxplayer --no-keys --win 0,0,400,400 --no-osd --dbus_name 'org.mpris.MediaPlayer2.omxplayer15077585620' '/home/pi/pp_home/media/samplerloop3s3.mp4'
2017-10-11 21:49:22,597 INFO connected to omxplayer dbus after 5 centisecs
2017-10-11 21:49:22,597 INFO connected to omxplayer dbus after 5 centisecs
2017-10-11 21:49:22,597 INFO connected to omxplayer dbus after 5 centisecs
2017-10-11 21:49:22,597 INFO connected to omxplayer dbus after 5 centisecs
2017-10-11 21:49:22,849 INFO not paused so send pause after load
2017-10-11 21:49:22,849 INFO not paused so send pause after load
2017-10-11 21:49:22,849 INFO not paused so send pause after load
2017-10-11 21:49:22,849 INFO not paused so send pause after load
2017-10-11 21:49:24,735 INFO not paused so send pause  at end of track
2017-10-11 21:49:24,735 INFO not paused so send pause  at end of track
2017-10-11 21:49:24,735 INFO not paused so send pause  at end of track
2017-10-11 21:49:24,735 INFO not paused so send pause  at end of track
2017-10-11 21:49:24,777 INFO b is finished
2017-10-11 21:49:24,777 INFO b is finished
2017-10-11 21:49:24,777 INFO b is finished
2017-10-11 21:49:24,777 INFO b is finished
2017-10-11 21:49:24,779 INFO c is loaded on switchover
2017-10-11 21:49:24,779 INFO c is loaded on switchover
2017-10-11 21:49:24,779 INFO c is loaded on switchover
2017-10-11 21:49:24,779 INFO c is loaded on switchover
2017-10-11 21:49:24,780 INFO switch: last_player is b
2017-10-11 21:49:24,780 INFO switch: last_player is b
2017-10-11 21:49:24,780 INFO switch: last_player is b
2017-10-11 21:49:24,780 INFO switch: last_player is b
2017-10-11 21:49:24,781 INFO switch: current_player is c
2017-10-11 21:49:24,781 INFO switch: current_player is c
2017-10-11 21:49:24,781 INFO switch: current_player is c
2017-10-11 21:49:24,781 INFO switch: current_player is c
2017-10-11 21:49:24,782 INFO switch: next_player is a
2017-10-11 21:49:24,782 INFO switch: next_player is a
2017-10-11 21:49:24,782 INFO switch: next_player is a
2017-10-11 21:49:24,782 INFO switch: next_player is a
2017-10-11 21:49:24,783 INFO b is exiting omx
2017-10-11 21:49:24,783 INFO b is exiting omx
2017-10-11 21:49:24,783 INFO b is exiting omx
2017-10-11 21:49:24,783 INFO b is exiting omx
2017-10-11 21:49:24,784 INFO log>stop received and quit sent to omxplayer 2027 
2017-10-11 21:49:24,784 INFO log>stop received and quit sent to omxplayer 2027 
2017-10-11 21:49:24,784 INFO log>stop received and quit sent to omxplayer 2027 
2017-10-11 21:49:24,784 INFO log>stop received and quit sent to omxplayer 2027 
2017-10-11 21:49:24,797 INFO c is about to play
2017-10-11 21:49:24,797 INFO c is about to play
2017-10-11 21:49:24,797 INFO c is about to play
2017-10-11 21:49:24,797 INFO c is about to play
2017-10-11 21:49:24,799 INFO c is playing now
2017-10-11 21:49:24,799 INFO c is playing now
2017-10-11 21:49:24,799 INFO c is playing now
2017-10-11 21:49:24,799 INFO c is playing now
2017-10-11 21:49:24,800 INFO MONUnpause received  to start showing
2017-10-11 21:49:24,800 INFO MONUnpause received  to start showing
2017-10-11 21:49:24,800 INFO MONUnpause received  to start showing
2017-10-11 21:49:24,800 INFO MONUnpause received  to start showing
2017-10-11 21:49:24,801 INFO MONIs paused so Track will be unpaused  to start showing
2017-10-11 21:49:24,801 INFO MONIs paused so Track will be unpaused  to start showing
2017-10-11 21:49:24,801 INFO MONIs paused so Track will be unpaused  to start showing
2017-10-11 21:49:24,801 INFO MONIs paused so Track will be unpaused  to start showing
2017-10-11 21:49:24,862 INFO a is loading now /home/pi/pp_home/media/samplerloop3s3.mp4
2017-10-11 21:49:24,862 INFO a is loading now /home/pi/pp_home/media/samplerloop3s3.mp4
2017-10-11 21:49:24,862 INFO a is loading now /home/pi/pp_home/media/samplerloop3s3.mp4
2017-10-11 21:49:24,862 INFO a is loading now /home/pi/pp_home/media/samplerloop3s3.mp4
2017-10-11 21:49:24,866 INFO Send command to omxplayer: /usr/bin/omxplayer --no-keys --win 0,0,400,400 --no-osd --dbus_name 'org.mpris.MediaPlayer2.omxplayer15077585648' '/home/pi/pp_home/media/samplerloop3s3.mp4'
2017-10-11 21:49:24,866 INFO Send command to omxplayer: /usr/bin/omxplayer --no-keys --win 0,0,400,400 --no-osd --dbus_name 'org.mpris.MediaPlayer2.omxplayer15077585648' '/home/pi/pp_home/media/samplerloop3s3.mp4'
2017-10-11 21:49:24,866 INFO Send command to omxplayer: /usr/bin/omxplayer --no-keys --win 0,0,400,400 --no-osd --dbus_name 'org.mpris.MediaPlayer2.omxplayer15077585648' '/home/pi/pp_home/media/samplerloop3s3.mp4'
2017-10-11 21:49:24,866 INFO Send command to omxplayer: /usr/bin/omxplayer --no-keys --win 0,0,400,400 --no-osd --dbus_name 'org.mpris.MediaPlayer2.omxplayer15077585648' '/home/pi/pp_home/media/samplerloop3s3.mp4'
2017-10-11 21:49:25,414 INFO connected to omxplayer dbus after 5 centisecs
2017-10-11 21:49:25,414 INFO connected to omxplayer dbus after 5 centisecs
2017-10-11 21:49:25,414 INFO connected to omxplayer dbus after 5 centisecs
2017-10-11 21:49:25,414 INFO connected to omxplayer dbus after 5 centisecs
2017-10-11 21:49:25,738 INFO not paused so send pause after load
2017-10-11 21:49:25,738 INFO not paused so send pause after load
2017-10-11 21:49:25,738 INFO not paused so send pause after load
2017-10-11 21:49:25,738 INFO not paused so send pause after load
